<!DOCTYPE html PUBLIC "-//W3C//DTD XHTML 1.1//EN" "http://www.w3.org/TR/xhtml11/DTD/xhtml11.dtd">
<html xmlns="http://www.w3.org/1999/xhtml">
<head>
<meta http-equiv="content-type" content="text/html; charset=UTF-8"/>
<title>TestNG Report</title>
<style type="text/css">table {margin-bottom:10px;border-collapse:collapse;empty-cells:show}th,td {border:1px solid #009;padding:.25em .5em}th {vertical-align:bottom}td {vertical-align:top}table a {font-weight:bold}.stripe td {background-color: #E6EBF9}.num {text-align:right}.passedodd td {background-color: #3F3}.passedeven td {background-color: #0A0}.skippedodd td {background-color: #DDD}.skippedeven td {background-color: #CCC}.failedodd td,.attn {background-color: #F33}.failedeven td,.stripe .attn {background-color: #D00}.stacktrace {white-space:pre;font-family:monospace}.totop {font-size:85%;text-align:center;border-bottom:2px solid #000}.invisible {display:none}</style>
</head>
<body>
<table>
<tr><th>Test</th><th># Passed</th><th># Skipped</th><th># Failed</th><th>Time (ms)</th><th>Included Groups</th><th>Excluded Groups</th></tr>
<tr><th colspan="7">RentCount_Functional_TestCases_Suite</th></tr>
<tr><td><a href="#t0">TC_LogIn_02: Verify User LogIn functionality</a></td><td class="num">0</td><td class="num">0</td><td class="num attn">1</td><td class="num">165,795</td><td></td><td></td></tr>
</table>
<table id='summary'><thead><tr><th>Class</th><th>Method</th><th>Start</th><th>Time (ms)</th></tr></thead><tbody><tr><th colspan="4">RentCount_Functional_TestCases_Suite</th></tr></tbody><tbody id="t0"><tr><th colspan="4">TC_LogIn_02: Verify User LogIn functionality &#8212; failed</th></tr><tr class="failedeven"><td rowspan="1">com.automation.index.RentCount_PackageIndex</td><td><a href="#m0">TC_LogIn_02</a></td><td rowspan="1">1557496928073</td><td rowspan="1">144391</td></tr></tbody>
</table>
<h2>TC_LogIn_02: Verify User LogIn functionality</h2><h3 id="m0">com.automation.index.RentCount_PackageIndex#TC_LogIn_02</h3><table class="result"><tr><th>Messages</th></tr><tr><td><div class="messages"><strong><h1 style="color:DarkViolet;font-size:13px;">  </h1> </strong><br/><strong><h1 style="color:DarkViolet;font-size:13px;"> TEST CASE:TC_LogIn_02::To verify That user is able to Login with the valid details</h1> </strong><br/><br><strong><font color="blue">Step1: Open the Url---> https://staging.3dbroadcastsales.com/</font></strong></br><br/><strong><h1 style="color:saddlebrown;font-size:11px;"> -----> 3dbroadcastsales home page open <-----</h1> </strong><br/><strong> <h3 style="color:DarkGreen">  &#10004; <i>  SUCCESSFUL </i></h3> </strong> <br/><br><strong><font color="blue">Step2: Click on the Login menu</font></strong></br><br/><br><strong><font color="blue">Step3: Enter the Details for Login</font></strong></br><br/></br>&nbsp;&nbsp;&nbsp;&nbsp;---> Email Addess : JFeo@mailinator.com <---</br><br/></br>&nbsp;&nbsp;&nbsp;&nbsp;---> Password : pQzge@1234 <---</br><br/><br><strong><font color="blue">Step4: Click on Login button</font></strong></br><br/><br><strong><font color="blue">Step5: User Login verification.</font></strong></br><br/><strong><h1 style="color:saddlebrown;font-size:11px;"> ---> Verification Start <---</h1> </strong><br/><strong><h1 style="color:saddlebrown;font-size:11px;"> ---> Account Information Verification <---</h1> </strong><br/></br>&nbsp;&nbsp;&nbsp;&nbsp;---> Click on Account Menu <---</br><br/><br> <b>Please look to the screenshot - </b><br/></br>&nbsp;&nbsp;&nbsp;&nbsp;<br><Strong><font color=#FF0000>--Failed</font></strong></br><br/></br>&nbsp;&nbsp;&nbsp;&nbsp;<a href='screenshots/051015043335TC_LogIn_02.png' target='_new'>051015043335TC_LogIn_02.png</a></br><br/><br></br><h3>Failure Reason:</h3><br/><br></br>org.openqa.selenium.NoSuchElementException: no such element: Unable to locate element: {&quot;method&quot;:&quot;xpath&quot;,&quot;selector&quot;:&quot;//a[contains(text(),&apos;Account Information&apos;)]&quot;}<br/></br>&nbsp;&nbsp;&nbsp;&nbsp;<hr size='15px' noshade color='red'></br></div></td></tr><tr><th>Exception</th></tr><tr><td><div class="stacktrace">org.openqa.selenium.NoSuchElementException: no such element: Unable to locate element: {&quot;method&quot;:&quot;xpath&quot;,&quot;selector&quot;:&quot;//a[contains(text(),&apos;Account Information&apos;)]&quot;}
  (Session info: chrome=74.0.3729.131)
  (Driver info: chromedriver=2.41.578737 (49da6702b16031c40d63e5618de03a32ff6c197e),platform=Windows NT 10.0.17763 x86_64) (WARNING: The server did not provide any stacktrace information)
Command duration or timeout: 0 milliseconds
For documentation on this error, please visit: http://seleniumhq.org/exceptions/no_such_element.html
Build info: version: &apos;3.13.0&apos;, revision: &apos;2f0d292&apos;, time: &apos;2018-06-25T15:24:21.231Z&apos;
System info: host: &apos;DESKTOP-GJ9SRJ9&apos;, ip: &apos;192.168.1.111&apos;, os.name: &apos;Windows 10&apos;, os.arch: &apos;amd64&apos;, os.version: &apos;10.0&apos;, java.version: &apos;1.8.0_191&apos;
Driver info: org.openqa.selenium.chrome.ChromeDriver
Capabilities {acceptInsecureCerts: false, acceptSslCerts: false, applicationCacheEnabled: false, browserConnectionEnabled: false, browserName: chrome, chrome: {chromedriverVersion: 2.41.578737 (49da6702b16031..., userDataDir: C:\Users\User\AppData\Local...}, cssSelectorsEnabled: true, databaseEnabled: false, goog:chromeOptions: {debuggerAddress: localhost:51577}, handlesAlerts: true, hasTouchScreen: false, javascriptEnabled: true, locationContextEnabled: true, mobileEmulationEnabled: false, nativeEvents: true, networkConnectionEnabled: false, pageLoadStrategy: normal, platform: XP, platformName: XP, rotatable: false, setWindowRect: true, takesHeapSnapshot: true, takesScreenshot: true, unexpectedAlertBehaviour: , unhandledPromptBehavior: , version: 74.0.3729.131, webStorageEnabled: true}
Session ID: 1b9f03d418feaa905b6b843b63b9b516
*** Element info: {Using=xpath, value=//a[contains(text(),&apos;Account Information&apos;)]}
	at org.openqa.selenium.remote.ErrorHandler.createThrowable(ErrorHandler.java:214)
	at org.openqa.selenium.remote.ErrorHandler.throwIfResponseFailed(ErrorHandler.java:166)
	at org.openqa.selenium.remote.http.JsonHttpResponseCodec.reconstructValue(JsonHttpResponseCodec.java:40)
	at org.openqa.selenium.remote.http.AbstractHttpResponseCodec.decode(AbstractHttpResponseCodec.java:80)
	at org.openqa.selenium.remote.http.AbstractHttpResponseCodec.decode(AbstractHttpResponseCodec.java:44)
	at org.openqa.selenium.remote.HttpCommandExecutor.execute(HttpCommandExecutor.java:158)
	at org.openqa.selenium.remote.service.DriverCommandExecutor.execute(DriverCommandExecutor.java:83)
	at org.openqa.selenium.remote.RemoteWebDriver.execute(RemoteWebDriver.java:548)
	at org.openqa.selenium.remote.RemoteWebDriver.findElement(RemoteWebDriver.java:322)
	at org.openqa.selenium.remote.RemoteWebDriver.findElementByXPath(RemoteWebDriver.java:424)
	at org.openqa.selenium.By$ByXPath.findElement(By.java:353)
	at org.openqa.selenium.remote.RemoteWebDriver.findElement(RemoteWebDriver.java:314)
	at com.automation.verification.RentCount_PackageVerification.logindetailsverification(RentCount_PackageVerification.java:217)
	at com.automation.index.RentCount_PackageIndex.TC_LogIn_02(RentCount_PackageIndex.java:73)
	at java.util.concurrent.FutureTask.run(Unknown Source)
	at java.util.concurrent.ThreadPoolExecutor.runWorker(Unknown Source)
	at java.util.concurrent.ThreadPoolExecutor$Worker.run(Unknown Source)
	at java.lang.Thread.run(Unknown Source)
... Removed 20 stack frames</div></td></tr></table><p class="totop"><a href="#summary">back to summary</a></p>
</body>
</html>
