<?xml version="1.0" encoding="UTF-8"?>
<testng-results skipped="0" failed="1" ignored="0" total="1" passed="0">
  <reporter-output>
    <line>
      <![CDATA[<strong><h1 style="color:DarkViolet;font-size:13px;">  </h1> </strong>]]>
    </line>
    <line>
      <![CDATA[<strong><h1 style="color:DarkViolet;font-size:13px;"> TEST CASE:TC_LogIn_02::To verify That user is able to Login with the valid details</h1> </strong>]]>
    </line>
    <line>
      <![CDATA[<br><strong><font color="blue">Step1: Open the Url---> https://staging.3dbroadcastsales.com/</font></strong></br>]]>
    </line>
    <line>
      <![CDATA[<strong><h1 style="color:saddlebrown;font-size:11px;"> -----> 3dbroadcastsales home page open <-----</h1> </strong>]]>
    </line>
    <line>
      <![CDATA[<strong> <h3 style="color:DarkGreen">  &#10004; <i>  SUCCESSFUL </i></h3> </strong> ]]>
    </line>
    <line>
      <![CDATA[<br><strong><font color="blue">Step2: Click on the Login menu</font></strong></br>]]>
    </line>
    <line>
      <![CDATA[<br><strong><font color="blue">Step3: Enter the Details for Login</font></strong></br>]]>
    </line>
    <line>
      <![CDATA[</br>&nbsp;&nbsp;&nbsp;&nbsp;---> Email Addess : JFeo@mailinator.com <---</br>]]>
    </line>
    <line>
      <![CDATA[</br>&nbsp;&nbsp;&nbsp;&nbsp;---> Password : pQzge@1234 <---</br>]]>
    </line>
    <line>
      <![CDATA[<br><strong><font color="blue">Step4: Click on Login button</font></strong></br>]]>
    </line>
    <line>
      <![CDATA[<br><strong><font color="blue">Step5: User Login verification.</font></strong></br>]]>
    </line>
    <line>
      <![CDATA[<strong><h1 style="color:saddlebrown;font-size:11px;"> ---> Verification Start <---</h1> </strong>]]>
    </line>
    <line>
      <![CDATA[<strong><h1 style="color:saddlebrown;font-size:11px;"> ---> Account Information Verification <---</h1> </strong>]]>
    </line>
    <line>
      <![CDATA[</br>&nbsp;&nbsp;&nbsp;&nbsp;---> Click on Account Menu <---</br>]]>
    </line>
    <line>
      <![CDATA[<br> <b>Please look to the screenshot - </b>]]>
    </line>
    <line>
      <![CDATA[</br>&nbsp;&nbsp;&nbsp;&nbsp;<br><Strong><font color=#FF0000>--Failed</font></strong></br>]]>
    </line>
    <line>
      <![CDATA[</br>&nbsp;&nbsp;&nbsp;&nbsp;<a href='screenshots/0513181331525TC_LogIn_02.png' target='_new'>0513181331525TC_LogIn_02.png</a></br>]]>
    </line>
    <line>
      <![CDATA[<br></br><h3>Failure Reason:</h3>]]>
    </line>
    <line>
      <![CDATA[<br></br>org.openqa.selenium.NoSuchElementException: no such element: Unable to locate element: {&quot;method&quot;:&quot;xpath&quot;,&quot;selector&quot;:&quot;//a[contains(text(),&apos;Account Information&apos;)]&quot;}]]>
    </line>
    <line>
      <![CDATA[</br>&nbsp;&nbsp;&nbsp;&nbsp;<hr size='15px' noshade color='red'></br>]]>
    </line>
  </reporter-output>
  <suite name="RentCount_Functional_TestCases_Suite" duration-ms="166047" started-at="2019-05-13T17:10:49Z" finished-at="2019-05-13T17:13:35Z">
    <groups>
    </groups>
    <test name="TC_LogIn_02: Verify User LogIn functionality" duration-ms="166047" started-at="2019-05-13T17:10:49Z" finished-at="2019-05-13T17:13:35Z">
      <class name="com.automation.index.RentCount_PackageIndex">
        <test-method status="PASS" signature="sheetupdate()[pri:0, instance:com.automation.index.RentCount_PackageIndex@61f8bee4]" name="sheetupdate" is-config="true" duration-ms="11459" started-at="2019-05-13T17:10:37Z" finished-at="2019-05-13T17:10:49Z">
          <reporter-output>
          </reporter-output>
        </test-method> <!-- sheetupdate -->
        <test-method status="PASS" signature="fetchSuiteConfiguration(org.testng.ITestContext)[pri:0, instance:com.automation.index.RentCount_PackageIndex@61f8bee4]" name="fetchSuiteConfiguration" is-config="true" duration-ms="8" started-at="2019-05-13T17:10:49Z" finished-at="2019-05-13T17:10:49Z">
          <params>
            <param index="0">
              <value>
                <![CDATA[org.testng.TestRunner@fd5689d]]>
              </value>
            </param>
          </params>
          <reporter-output>
          </reporter-output>
        </test-method> <!-- fetchSuiteConfiguration -->
        <test-method status="PASS" signature="setUp(java.lang.reflect.Method, org.testng.ITestContext)[pri:0, instance:com.automation.index.RentCount_PackageIndex@61f8bee4]" name="setUp" is-config="true" duration-ms="18359" started-at="2019-05-13T17:10:49Z" finished-at="2019-05-13T17:11:07Z">
          <params>
            <param index="0">
              <value>
                <![CDATA[public void com.automation.index.RentCount_PackageIndex.TC_LogIn_02()]]>
              </value>
            </param>
            <param index="1">
              <value>
                <![CDATA[org.testng.TestRunner@fd5689d]]>
              </value>
            </param>
          </params>
          <reporter-output>
          </reporter-output>
        </test-method> <!-- setUp -->
        <test-method status="FAIL" signature="TC_LogIn_02()[pri:0, instance:com.automation.index.RentCount_PackageIndex@61f8bee4]" name="TC_LogIn_02" duration-ms="143554" started-at="2019-05-13T17:11:07Z" finished-at="2019-05-13T17:13:31Z">
          <exception class="org.openqa.selenium.NoSuchElementException">
            <message>
              <![CDATA[no such element: Unable to locate element: {"method":"xpath","selector":"//a[contains(text(),'Account Information')]"}
  (Session info: chrome=74.0.3729.131)
  (Driver info: chromedriver=2.41.578737 (49da6702b16031c40d63e5618de03a32ff6c197e),platform=Windows NT 10.0.17763 x86_64) (WARNING: The server did not provide any stacktrace information)
Command duration or timeout: 0 milliseconds
For documentation on this error, please visit: http://seleniumhq.org/exceptions/no_such_element.html
Build info: version: '3.13.0', revision: '2f0d292', time: '2018-06-25T15:24:21.231Z'
System info: host: 'DESKTOP-GJ9SRJ9', ip: '192.168.1.111', os.name: 'Windows 10', os.arch: 'amd64', os.version: '10.0', java.version: '1.8.0_191'
Driver info: org.openqa.selenium.chrome.ChromeDriver
Capabilities {acceptInsecureCerts: false, acceptSslCerts: false, applicationCacheEnabled: false, browserConnectionEnabled: false, browserName: chrome, chrome: {chromedriverVersion: 2.41.578737 (49da6702b16031..., userDataDir: C:\Users\User\AppData\Local...}, cssSelectorsEnabled: true, databaseEnabled: false, goog:chromeOptions: {debuggerAddress: localhost:49918}, handlesAlerts: true, hasTouchScreen: false, javascriptEnabled: true, locationContextEnabled: true, mobileEmulationEnabled: false, nativeEvents: true, networkConnectionEnabled: false, pageLoadStrategy: normal, platform: XP, platformName: XP, rotatable: false, setWindowRect: true, takesHeapSnapshot: true, takesScreenshot: true, unexpectedAlertBehaviour: , unhandledPromptBehavior: , version: 74.0.3729.131, webStorageEnabled: true}
Session ID: 04639f3bfc337448c7611a3b5f944821
*** Element info: {Using=xpath, value=//a[contains(text(),'Account Information')]}]]>
            </message>
            <full-stacktrace>
              <![CDATA[org.openqa.selenium.NoSuchElementException: no such element: Unable to locate element: {"method":"xpath","selector":"//a[contains(text(),'Account Information')]"}
  (Session info: chrome=74.0.3729.131)
  (Driver info: chromedriver=2.41.578737 (49da6702b16031c40d63e5618de03a32ff6c197e),platform=Windows NT 10.0.17763 x86_64) (WARNING: The server did not provide any stacktrace information)
Command duration or timeout: 0 milliseconds
For documentation on this error, please visit: http://seleniumhq.org/exceptions/no_such_element.html
Build info: version: '3.13.0', revision: '2f0d292', time: '2018-06-25T15:24:21.231Z'
System info: host: 'DESKTOP-GJ9SRJ9', ip: '192.168.1.111', os.name: 'Windows 10', os.arch: 'amd64', os.version: '10.0', java.version: '1.8.0_191'
Driver info: org.openqa.selenium.chrome.ChromeDriver
Capabilities {acceptInsecureCerts: false, acceptSslCerts: false, applicationCacheEnabled: false, browserConnectionEnabled: false, browserName: chrome, chrome: {chromedriverVersion: 2.41.578737 (49da6702b16031..., userDataDir: C:\Users\User\AppData\Local...}, cssSelectorsEnabled: true, databaseEnabled: false, goog:chromeOptions: {debuggerAddress: localhost:49918}, handlesAlerts: true, hasTouchScreen: false, javascriptEnabled: true, locationContextEnabled: true, mobileEmulationEnabled: false, nativeEvents: true, networkConnectionEnabled: false, pageLoadStrategy: normal, platform: XP, platformName: XP, rotatable: false, setWindowRect: true, takesHeapSnapshot: true, takesScreenshot: true, unexpectedAlertBehaviour: , unhandledPromptBehavior: , version: 74.0.3729.131, webStorageEnabled: true}
Session ID: 04639f3bfc337448c7611a3b5f944821
*** Element info: {Using=xpath, value=//a[contains(text(),'Account Information')]}
at sun.reflect.NativeConstructorAccessorImpl.newInstance0(Native Method)
at sun.reflect.NativeConstructorAccessorImpl.newInstance(Unknown Source)
at sun.reflect.DelegatingConstructorAccessorImpl.newInstance(Unknown Source)
at java.lang.reflect.Constructor.newInstance(Unknown Source)
at org.openqa.selenium.remote.ErrorHandler.createThrowable(ErrorHandler.java:214)
at org.openqa.selenium.remote.ErrorHandler.throwIfResponseFailed(ErrorHandler.java:166)
at org.openqa.selenium.remote.http.JsonHttpResponseCodec.reconstructValue(JsonHttpResponseCodec.java:40)
at org.openqa.selenium.remote.http.AbstractHttpResponseCodec.decode(AbstractHttpResponseCodec.java:80)
at org.openqa.selenium.remote.http.AbstractHttpResponseCodec.decode(AbstractHttpResponseCodec.java:44)
at org.openqa.selenium.remote.HttpCommandExecutor.execute(HttpCommandExecutor.java:158)
at org.openqa.selenium.remote.service.DriverCommandExecutor.execute(DriverCommandExecutor.java:83)
at org.openqa.selenium.remote.RemoteWebDriver.execute(RemoteWebDriver.java:548)
at org.openqa.selenium.remote.RemoteWebDriver.findElement(RemoteWebDriver.java:322)
at org.openqa.selenium.remote.RemoteWebDriver.findElementByXPath(RemoteWebDriver.java:424)
at org.openqa.selenium.By$ByXPath.findElement(By.java:353)
at org.openqa.selenium.remote.RemoteWebDriver.findElement(RemoteWebDriver.java:314)
at com.automation.verification.RentCount_PackageVerification.logindetailsverification(RentCount_PackageVerification.java:217)
at com.automation.index.RentCount_PackageIndex.TC_LogIn_02(RentCount_PackageIndex.java:73)
at sun.reflect.NativeMethodAccessorImpl.invoke0(Native Method)
at sun.reflect.NativeMethodAccessorImpl.invoke(Unknown Source)
at sun.reflect.DelegatingMethodAccessorImpl.invoke(Unknown Source)
at java.lang.reflect.Method.invoke(Unknown Source)
at org.testng.internal.MethodInvocationHelper.invokeMethod(MethodInvocationHelper.java:124)
at org.testng.internal.Invoker.invokeMethod(Invoker.java:580)
at org.testng.internal.Invoker.invokeTestMethod(Invoker.java:716)
at org.testng.internal.Invoker.invokeTestMethods(Invoker.java:988)
at org.testng.internal.TestMethodWorker.invokeTestMethods(TestMethodWorker.java:125)
at org.testng.internal.TestMethodWorker.run(TestMethodWorker.java:109)
at org.testng.TestRunner.privateRun(TestRunner.java:648)
at org.testng.TestRunner.run(TestRunner.java:505)
at org.testng.SuiteRunner.runTest(SuiteRunner.java:455)
at org.testng.SuiteRunner.access$000(SuiteRunner.java:40)
at org.testng.SuiteRunner$SuiteWorker.run(SuiteRunner.java:489)
at org.testng.internal.thread.ThreadUtil$1.call(ThreadUtil.java:52)
at java.util.concurrent.FutureTask.run(Unknown Source)
at java.util.concurrent.ThreadPoolExecutor.runWorker(Unknown Source)
at java.util.concurrent.ThreadPoolExecutor$Worker.run(Unknown Source)
at java.lang.Thread.run(Unknown Source)
]]>
            </full-stacktrace>
          </exception> <!-- org.openqa.selenium.NoSuchElementException -->
          <reporter-output>
            <line>
              <![CDATA[<strong><h1 style="color:DarkViolet;font-size:13px;">  </h1> </strong>]]>
            </line>
            <line>
              <![CDATA[<strong><h1 style="color:DarkViolet;font-size:13px;"> TEST CASE:TC_LogIn_02::To verify That user is able to Login with the valid details</h1> </strong>]]>
            </line>
            <line>
              <![CDATA[<br><strong><font color="blue">Step1: Open the Url---> https://staging.3dbroadcastsales.com/</font></strong></br>]]>
            </line>
            <line>
              <![CDATA[<strong><h1 style="color:saddlebrown;font-size:11px;"> -----> 3dbroadcastsales home page open <-----</h1> </strong>]]>
            </line>
            <line>
              <![CDATA[<strong> <h3 style="color:DarkGreen">  &#10004; <i>  SUCCESSFUL </i></h3> </strong> ]]>
            </line>
            <line>
              <![CDATA[<br><strong><font color="blue">Step2: Click on the Login menu</font></strong></br>]]>
            </line>
            <line>
              <![CDATA[<br><strong><font color="blue">Step3: Enter the Details for Login</font></strong></br>]]>
            </line>
            <line>
              <![CDATA[</br>&nbsp;&nbsp;&nbsp;&nbsp;---> Email Addess : JFeo@mailinator.com <---</br>]]>
            </line>
            <line>
              <![CDATA[</br>&nbsp;&nbsp;&nbsp;&nbsp;---> Password : pQzge@1234 <---</br>]]>
            </line>
            <line>
              <![CDATA[<br><strong><font color="blue">Step4: Click on Login button</font></strong></br>]]>
            </line>
            <line>
              <![CDATA[<br><strong><font color="blue">Step5: User Login verification.</font></strong></br>]]>
            </line>
            <line>
              <![CDATA[<strong><h1 style="color:saddlebrown;font-size:11px;"> ---> Verification Start <---</h1> </strong>]]>
            </line>
            <line>
              <![CDATA[<strong><h1 style="color:saddlebrown;font-size:11px;"> ---> Account Information Verification <---</h1> </strong>]]>
            </line>
            <line>
              <![CDATA[</br>&nbsp;&nbsp;&nbsp;&nbsp;---> Click on Account Menu <---</br>]]>
            </line>
            <line>
              <![CDATA[<br> <b>Please look to the screenshot - </b>]]>
            </line>
            <line>
              <![CDATA[</br>&nbsp;&nbsp;&nbsp;&nbsp;<br><Strong><font color=#FF0000>--Failed</font></strong></br>]]>
            </line>
            <line>
              <![CDATA[</br>&nbsp;&nbsp;&nbsp;&nbsp;<a href='screenshots/0513181331525TC_LogIn_02.png' target='_new'>0513181331525TC_LogIn_02.png</a></br>]]>
            </line>
            <line>
              <![CDATA[<br></br><h3>Failure Reason:</h3>]]>
            </line>
            <line>
              <![CDATA[<br></br>org.openqa.selenium.NoSuchElementException: no such element: Unable to locate element: {&quot;method&quot;:&quot;xpath&quot;,&quot;selector&quot;:&quot;//a[contains(text(),&apos;Account Information&apos;)]&quot;}]]>
            </line>
            <line>
              <![CDATA[</br>&nbsp;&nbsp;&nbsp;&nbsp;<hr size='15px' noshade color='red'></br>]]>
            </line>
          </reporter-output>
        </test-method> <!-- TC_LogIn_02 -->
        <test-method status="PASS" signature="tearDown(org.testng.ITestResult)[pri:0, instance:com.automation.index.RentCount_PackageIndex@61f8bee4]" name="tearDown" is-config="true" duration-ms="3635" started-at="2019-05-13T17:13:31Z" finished-at="2019-05-13T17:13:35Z">
          <params>
            <param index="0">
              <value>
                <![CDATA[[TestResult name=TC_LogIn_02 status=FAILURE method=RentCount_PackageIndex.TC_LogIn_02()[pri:0, instance:com.automation.index.RentCount_PackageIndex@61f8bee4] output=<strong><h1 style="color:DarkViolet;font-size:13px;">  </h1> </strong>]]]>
              </value>
            </param>
          </params>
          <reporter-output>
          </reporter-output>
        </test-method> <!-- tearDown -->
        <test-method status="PASS" signature="zipfileupdate()[pri:0, instance:com.automation.index.RentCount_PackageIndex@61f8bee4]" name="zipfileupdate" is-config="true" duration-ms="136" started-at="2019-05-13T17:13:35Z" finished-at="2019-05-13T17:13:35Z">
          <reporter-output>
          </reporter-output>
        </test-method> <!-- zipfileupdate -->
      </class> <!-- com.automation.index.RentCount_PackageIndex -->
    </test> <!-- TC_LogIn_02: Verify User LogIn functionality -->
  </suite> <!-- RentCount_Functional_TestCases_Suite -->
</testng-results>
